Using pre-set license
Built from '2022.2/staging' branch; Version is '2022.2.5f1 (551d45108343) revision 5578053'; Using compiler version '192829333'; Build Type 'Release'
OS: 'Windows 10  (10.0.19045) 64bit Enterprise' Language: 'ru' Physical Memory: 14188 MB
BatchMode: 1, IsHumanControllingUs: 0, StartBugReporterOnCrash: 0, Is64bit: 1, IsPro: 1

COMMAND LINE ARGUMENTS:
A:\Unity\2022.2.5f1\Editor\Unity.exe
-adb2
-batchMode
-noUpm
-name
AssetImportWorker0
-projectPath
C:/Users/zergr/OneDrive/Рабочий стол/RunnerRGR
-logFile
Logs/AssetImportWorker0.log
-srvPort
56847
Successfully changed project path to: C:/Users/zergr/OneDrive/Рабочий стол/RunnerRGR
C:/Users/zergr/OneDrive/Рабочий стол/RunnerRGR
[UnityMemory] Configuration Parameters - Can be set up in boot.config
    "memorysetup-bucket-allocator-granularity=16"
    "memorysetup-bucket-allocator-bucket-count=8"
    "memorysetup-bucket-allocator-block-size=33554432"
    "memorysetup-bucket-allocator-block-count=8"
    "memorysetup-main-allocator-block-size=16777216"
    "memorysetup-thread-allocator-block-size=16777216"
    "memorysetup-gfx-main-allocator-block-size=16777216"
    "memorysetup-gfx-thread-allocator-block-size=16777216"
    "memorysetup-cache-allocator-block-size=4194304"
    "memorysetup-typetree-allocator-block-size=2097152"
    "memorysetup-profiler-bucket-allocator-granularity=16"
    "memorysetup-profiler-bucket-allocator-bucket-count=8"
    "memorysetup-profiler-bucket-allocator-block-size=33554432"
    "memorysetup-profiler-bucket-allocator-block-count=8"
    "memorysetup-profiler-allocator-block-size=16777216"
    "memorysetup-profiler-editor-allocator-block-size=1048576"
    "memorysetup-temp-allocator-size-main=16777216"
    "memorysetup-job-temp-allocator-block-size=2097152"
    "memorysetup-job-temp-allocator-block-size-background=1048576"
    "memorysetup-job-temp-allocator-reduction-small-platforms=262144"
    "memorysetup-temp-allocator-size-background-worker=32768"
    "memorysetup-temp-allocator-size-job-worker=262144"
    "memorysetup-temp-allocator-size-preload-manager=33554432"
    "memorysetup-temp-allocator-size-nav-mesh-worker=65536"
    "memorysetup-temp-allocator-size-audio-worker=65536"
    "memorysetup-temp-allocator-size-cloud-worker=32768"
    "memorysetup-temp-allocator-size-gi-baking-worker=262144"
    "memorysetup-temp-allocator-size-gfx=262144"
Player connection [16472] Host "[IP] 192.168.0.13 [Port] 0 [Flags] 2 [Guid] 603127919 [EditorId] 603127919 [Version] 1048832 [Id] WindowsEditor(7,DESKTOP-TK1BECN) [Debug] 1 [PackageName] WindowsEditor [ProjectName] Editor" joined multi-casting on [225.0.0.222:54997]...

Player connection [16472] Host "[IP] 192.168.0.13 [Port] 0 [Flags] 2 [Guid] 603127919 [EditorId] 603127919 [Version] 1048832 [Id] WindowsEditor(7,DESKTOP-TK1BECN) [Debug] 1 [PackageName] WindowsEditor [ProjectName] Editor" joined alternative multi-casting on [225.0.0.222:34997]...

Refreshing native plugins compatible for Editor in 6.12 ms, found 3 plugins.
Preloading 0 native plugins for Editor in 0.00 ms.
Initialize engine version: 2022.2.5f1 (551d45108343)
[Subsystems] Discovering subsystems at path A:/Unity/2022.2.5f1/Editor/Data/Resources/UnitySubsystems
[Subsystems] Discovering subsystems at path C:/Users/zergr/OneDrive/Рабочий стол/RunnerRGR/Assets
GfxDevice: creating device client; threaded=0; jobified=0
Direct3D:
    Version:  Direct3D 11.0 [level 11.1]
    Renderer: AMD Radeon(TM) Graphics (ID=0x1638)
    Vendor:   ATI
    VRAM:     7094 MB
    Driver:   27.20.14036.8
Initialize mono
Mono path[0] = 'A:/Unity/2022.2.5f1/Editor/Data/Managed'
Mono path[1] = 'A:/Unity/2022.2.5f1/Editor/Data/MonoBleedingEdge/lib/mono/unityjit-win32'
Mono config path = 'A:/Unity/2022.2.5f1/Editor/Data/MonoBleedingEdge/etc'
Using monoOptions --debugger-agent=transport=dt_socket,embedding=1,server=y,suspend=n,address=127.0.0.1:56580
Begin MonoManager ReloadAssembly
Registering precompiled unity dll's ...
Register platform support module: A:/Unity/2022.2.5f1/Editor/Data/PlaybackEngines/WebGLSupport/UnityEditor.WebGL.Extensions.dll
Register platform support module: A:/Unity/2022.2.5f1/Editor/Data/PlaybackEngines/AndroidPlayer/UnityEditor.Android.Extensions.dll
Register platform support module: A:/Unity/2022.2.5f1/Editor/Data/PlaybackEngines/WindowsStandaloneSupport/UnityEditor.WindowsStandalone.Extensions.dll
Register platform support module: A:/Unity/2022.2.5f1/Editor/Data/PlaybackEngines/MetroSupport/UnityEditor.UWP.Extensions.dll
Registered in 0.005415 seconds.
- Loaded All Assemblies, in  0.255 seconds
Native extension for UWP target not found
Native extension for WindowsStandalone target not found
Native extension for Android target not found
Android Extension - Scanning For ADB Devices 314 ms
Native extension for WebGL target not found
Mono: successfully reloaded assembly
- Finished resetting the current domain, in  0.621 seconds
Domain Reload Profiling:
	ReloadAssembly (148ms)
		BeginReloadAssembly (62ms)
			ExecutionOrderSort (0ms)
			DisableScriptedObjects (0ms)
			BackupInstance (0ms)
			ReleaseScriptingObjects (0ms)
			CreateAndSetChildDomain (1ms)
		LoadAllAssembliesAndSetupDomain (0ms)
			LoadAssemblies (62ms)
			RebuildTransferFunctionScriptingTraits (0ms)
			SetupTypeCache (104ms)
				TypeCache.Initialize (103ms)
					TypeCache.ScanAssembly (102ms)
				ResolveRequiredComponents (0ms)
		FinalizeReload (0ms)
			ReleaseScriptCaches (0ms)
			RebuildScriptCaches (0ms)
			SetupLoadedEditorAssemblies (561ms)
				LogAssemblyErrors (0ms)
				InitializePlatformSupportModulesInManaged (396ms)
				SetLoadedEditorAssemblies (4ms)
				RefreshPlugins (0ms)
				BeforeProcessingInitializeOnLoad (1ms)
				ProcessInitializeOnLoadAttributes (111ms)
				ProcessInitializeOnLoadMethodAttributes (49ms)
				AfterProcessingInitializeOnLoad (0ms)
				EditorAssembliesLoaded (0ms)
			ExecutionOrderSort2 (0ms)
			AwakeInstancesAfterBackupRestoration (0ms)
========================================================================
Worker process is ready to serve import requests
Begin MonoManager ReloadAssembly
Symbol file LoadedFromMemory doesn't match image C:\Users\zergr\OneDrive\Рабочий стол\RunnerRGR\Library\PackageCache\com.unity.visualscripting@1.8.0\Editor\VisualScripting.Core\Dependencies\YamlDotNet\Unity.VisualScripting.YamlDotNet.dll
Symbol file LoadedFromMemory doesn't match image C:\Users\zergr\OneDrive\Рабочий стол\RunnerRGR\Library\PackageCache\com.unity.visualscripting@1.8.0\Editor\VisualScripting.Core\Dependencies\DotNetZip\Unity.VisualScripting.IonicZip.dll
- Loaded All Assemblies, in  1.068 seconds
Refreshing native plugins compatible for Editor in 2.63 ms, found 3 plugins.
Native extension for UWP target not found
Native extension for WindowsStandalone target not found
Native extension for Android target not found
Native extension for WebGL target not found
Mono: successfully reloaded assembly
- Finished resetting the current domain, in  0.554 seconds
Domain Reload Profiling:
	ReloadAssembly (226ms)
		BeginReloadAssembly (133ms)
			ExecutionOrderSort (0ms)
			DisableScriptedObjects (6ms)
			BackupInstance (0ms)
			ReleaseScriptingObjects (0ms)
			CreateAndSetChildDomain (36ms)
		LoadAllAssembliesAndSetupDomain (841ms)
			LoadAssemblies (305ms)
			RebuildTransferFunctionScriptingTraits (0ms)
			SetupTypeCache (592ms)
				TypeCache.Initialize (300ms)
					TypeCache.ScanAssembly (292ms)
				ResolveRequiredComponents (3ms)
		FinalizeReload (0ms)
			ReleaseScriptCaches (0ms)
			RebuildScriptCaches (0ms)
			SetupLoadedEditorAssemblies (374ms)
				LogAssemblyErrors (0ms)
				InitializePlatformSupportModulesInManaged (19ms)
				SetLoadedEditorAssemblies (4ms)
				RefreshPlugins (0ms)
				BeforeProcessingInitializeOnLoad (63ms)
				ProcessInitializeOnLoadAttributes (266ms)
				ProcessInitializeOnLoadMethodAttributes (19ms)
				AfterProcessingInitializeOnLoad (2ms)
				EditorAssembliesLoaded (0ms)
			ExecutionOrderSort2 (0ms)
			AwakeInstancesAfterBackupRestoration (6ms)
Launched and connected shader compiler UnityShaderCompiler.exe after 0.05 seconds
Refreshing native plugins compatible for Editor in 2.78 ms, found 3 plugins.
Preloading 0 native plugins for Editor in 0.00 ms.
Unloading 3070 Unused Serialized files (Serialized files now loaded: 0)
Unloading 23 unused Assets / (66.3 KB). Loaded Objects now: 3556.
Memory consumption went from 489.7 MB to 489.6 MB.
Total: 5.472000 ms (FindLiveObjects: 0.321000 ms CreateObjectMapping: 0.475900 ms MarkObjects: 4.521800 ms  DeleteObjects: 0.151700 ms)

AssetImportParameters requested are different than current active one (requested -> active):
  custom:container-demuxer-ogg: 62fdf1f143b41e24485cea50d1cbac27 -> 
  custom:video-decoder-ogg-theora: a1e56fd34408186e4bbccfd4996cb3dc -> 
  custom:framework-win-MediaFoundation: 216162199b28c13a410421893ffa2e32 -> 
  custom:container-demuxer-webm: 4f35f7cbe854078d1ac9338744f61a02 -> 
  custom:container-muxer-webm: aa71ff27fc2769a1b78a27578f13a17b -> 
  custom:video-decoder-webm-vp8: 9c59270c3fd7afecdb556c50c9e8de78 -> 
  custom:AudioImporter_EditorPlatform: d09bf68614088b80899f8185d706f6e7 -> 
  custom:video-encoder-webm-vp8: eb34c28f22e8b96e1ab97ce403110664 -> 
  custom:audio-decoder-ogg-vorbis: bf7c407c2cedff20999df2af8eb42d56 -> 
  custom:audio-encoder-webm-vorbis: bf7c407c2cedff20999df2af8eb42d56 -> 
========================================================================
Received Prepare
Begin MonoManager ReloadAssembly
Symbol file LoadedFromMemory doesn't match image C:\Users\zergr\OneDrive\Рабочий стол\RunnerRGR\Library\PackageCache\com.unity.visualscripting@1.8.0\Editor\VisualScripting.Core\Dependencies\YamlDotNet\Unity.VisualScripting.YamlDotNet.dll
Symbol file LoadedFromMemory doesn't match image C:\Users\zergr\OneDrive\Рабочий стол\RunnerRGR\Library\PackageCache\com.unity.visualscripting@1.8.0\Editor\VisualScripting.Core\Dependencies\DotNetZip\Unity.VisualScripting.IonicZip.dll
- Loaded All Assemblies, in  0.667 seconds
Refreshing native plugins compatible for Editor in 2.23 ms, found 3 plugins.
Native extension for UWP target not found
Native extension for WindowsStandalone target not found
Native extension for Android target not found
Native extension for WebGL target not found
Mono: successfully reloaded assembly
- Finished resetting the current domain, in  0.762 seconds
Domain Reload Profiling:
	ReloadAssembly (171ms)
		BeginReloadAssembly (110ms)
			ExecutionOrderSort (0ms)
			DisableScriptedObjects (5ms)
			BackupInstance (0ms)
			ReleaseScriptingObjects (0ms)
			CreateAndSetChildDomain (38ms)
		LoadAllAssembliesAndSetupDomain (495ms)
			LoadAssemblies (190ms)
			RebuildTransferFunctionScriptingTraits (0ms)
			SetupTypeCache (345ms)
				TypeCache.Initialize (214ms)
					TypeCache.ScanAssembly (208ms)
				ResolveRequiredComponents (3ms)
		FinalizeReload (0ms)
			ReleaseScriptCaches (0ms)
			RebuildScriptCaches (0ms)
			SetupLoadedEditorAssemblies (374ms)
				LogAssemblyErrors (0ms)
				InitializePlatformSupportModulesInManaged (23ms)
				SetLoadedEditorAssemblies (7ms)
				RefreshPlugins (0ms)
				BeforeProcessingInitializeOnLoad (71ms)
				ProcessInitializeOnLoadAttributes (248ms)
				ProcessInitializeOnLoadMethodAttributes (23ms)
				AfterProcessingInitializeOnLoad (2ms)
				EditorAssembliesLoaded (0ms)
			ExecutionOrderSort2 (0ms)
			AwakeInstancesAfterBackupRestoration (6ms)
Script is not up to date after domain reload: guid(94269c14876a4a84dbd3bfcc066b87c7) path("Assets/Scripts/Food.cs") state(2)
Refreshing native plugins compatible for Editor in 2.51 ms, found 3 plugins.
Preloading 0 native plugins for Editor in 0.00 ms.
Unloading 3063 Unused Serialized files (Serialized files now loaded: 0)
Unloading 18 unused Assets / (40.5 KB). Loaded Objects now: 3558.
Memory consumption went from 488.6 MB to 488.5 MB.
Total: 2.881200 ms (FindLiveObjects: 0.295000 ms CreateObjectMapping: 0.098000 ms MarkObjects: 2.440700 ms  DeleteObjects: 0.046100 ms)

Prepare: number of updated asset objects reloaded= 0
AssetImportParameters requested are different than current active one (requested -> active):
  custom:container-demuxer-ogg: 62fdf1f143b41e24485cea50d1cbac27 -> 
  custom:video-decoder-ogg-theora: a1e56fd34408186e4bbccfd4996cb3dc -> 
  custom:framework-win-MediaFoundation: 216162199b28c13a410421893ffa2e32 -> 
  custom:container-demuxer-webm: 4f35f7cbe854078d1ac9338744f61a02 -> 
  custom:container-muxer-webm: aa71ff27fc2769a1b78a27578f13a17b -> 
  custom:video-decoder-webm-vp8: 9c59270c3fd7afecdb556c50c9e8de78 -> 
  custom:AudioImporter_EditorPlatform: d09bf68614088b80899f8185d706f6e7 -> 
  custom:video-encoder-webm-vp8: eb34c28f22e8b96e1ab97ce403110664 -> 
  custom:audio-decoder-ogg-vorbis: bf7c407c2cedff20999df2af8eb42d56 -> 
  custom:audio-encoder-webm-vorbis: bf7c407c2cedff20999df2af8eb42d56 -> 
========================================================================
Received Import Request.
  Time since last request: 189112.405172 seconds.
  path: Assets/Scripts/Food.cs
  artifactKey: Guid(94269c14876a4a84dbd3bfcc066b87c7) Importer(815301076,1909f56bfc062723c751e8b465ee728b)
Start importing Assets/Scripts/Food.cs using Guid(94269c14876a4a84dbd3bfcc066b87c7) Importer(815301076,1909f56bfc062723c751e8b465ee728b)  -> (artifact id: '0094c4d3e3e5204be5e4dd6a133a929a') in 0.001807 seconds 
Number of updated asset objects reloaded before import = 0
Number of asset objects unloaded after import = 0
========================================================================
Received Prepare
Begin MonoManager ReloadAssembly
Symbol file LoadedFromMemory doesn't match image C:\Users\zergr\OneDrive\Рабочий стол\RunnerRGR\Library\PackageCache\com.unity.visualscripting@1.8.0\Editor\VisualScripting.Core\Dependencies\YamlDotNet\Unity.VisualScripting.YamlDotNet.dll
Symbol file LoadedFromMemory doesn't match image C:\Users\zergr\OneDrive\Рабочий стол\RunnerRGR\Library\PackageCache\com.unity.visualscripting@1.8.0\Editor\VisualScripting.Core\Dependencies\DotNetZip\Unity.VisualScripting.IonicZip.dll
- Loaded All Assemblies, in  0.937 seconds
Refreshing native plugins compatible for Editor in 2.32 ms, found 3 plugins.
Native extension for UWP target not found
Native extension for WindowsStandalone target not found
Native extension for Android target not found
Native extension for WebGL target not found
Mono: successfully reloaded assembly
- Finished resetting the current domain, in  0.614 seconds
Domain Reload Profiling:
	ReloadAssembly (187ms)
		BeginReloadAssembly (129ms)
			ExecutionOrderSort (0ms)
			DisableScriptedObjects (6ms)
			BackupInstance (0ms)
			ReleaseScriptingObjects (0ms)
			CreateAndSetChildDomain (47ms)
		LoadAllAssembliesAndSetupDomain (749ms)
			LoadAssemblies (206ms)
			RebuildTransferFunctionScriptingTraits (0ms)
			SetupTypeCache (590ms)
				TypeCache.Initialize (269ms)
					TypeCache.ScanAssembly (257ms)
				ResolveRequiredComponents (3ms)
		FinalizeReload (0ms)
			ReleaseScriptCaches (0ms)
			RebuildScriptCaches (0ms)
			SetupLoadedEditorAssemblies (252ms)
				LogAssemblyErrors (0ms)
				InitializePlatformSupportModulesInManaged (15ms)
				SetLoadedEditorAssemblies (4ms)
				RefreshPlugins (0ms)
				BeforeProcessingInitializeOnLoad (50ms)
				ProcessInitializeOnLoadAttributes (165ms)
				ProcessInitializeOnLoadMethodAttributes (16ms)
				AfterProcessingInitializeOnLoad (2ms)
				EditorAssembliesLoaded (0ms)
			ExecutionOrderSort2 (0ms)
			AwakeInstancesAfterBackupRestoration (5ms)
Refreshing native plugins compatible for Editor in 2.05 ms, found 3 plugins.
Preloading 0 native plugins for Editor in 0.00 ms.
Unloading 3063 Unused Serialized files (Serialized files now loaded: 0)
Unloading 18 unused Assets / (33.1 KB). Loaded Objects now: 3562.
Memory consumption went from 488.5 MB to 488.4 MB.
Total: 2.763300 ms (FindLiveObjects: 0.281400 ms CreateObjectMapping: 0.095800 ms MarkObjects: 2.336100 ms  DeleteObjects: 0.047300 ms)

Prepare: number of updated asset objects reloaded= 0
AssetImportParameters requested are different than current active one (requested -> active):
  custom:container-demuxer-ogg: 62fdf1f143b41e24485cea50d1cbac27 -> 
  custom:video-decoder-ogg-theora: a1e56fd34408186e4bbccfd4996cb3dc -> 
  custom:framework-win-MediaFoundation: 216162199b28c13a410421893ffa2e32 -> 
  custom:container-demuxer-webm: 4f35f7cbe854078d1ac9338744f61a02 -> 
  custom:container-muxer-webm: aa71ff27fc2769a1b78a27578f13a17b -> 
  custom:video-decoder-webm-vp8: 9c59270c3fd7afecdb556c50c9e8de78 -> 
  custom:AudioImporter_EditorPlatform: d09bf68614088b80899f8185d706f6e7 -> 
  custom:video-encoder-webm-vp8: eb34c28f22e8b96e1ab97ce403110664 -> 
  custom:audio-decoder-ogg-vorbis: bf7c407c2cedff20999df2af8eb42d56 -> 
  custom:audio-encoder-webm-vorbis: bf7c407c2cedff20999df2af8eb42d56 -> 
========================================================================
Received Import Request.
  Time since last request: 3360.129636 seconds.
  path: Assets/Models/Banana.obj
  artifactKey: Guid(bd3ae54e950088d4082ed7aeebbc6475) Importer(815301076,1909f56bfc062723c751e8b465ee728b)
Start importing Assets/Models/Banana.obj using Guid(bd3ae54e950088d4082ed7aeebbc6475) Importer(815301076,1909f56bfc062723c751e8b465ee728b)  -> (artifact id: '2e6a006defc9e35518b270796781b4cb') in 0.385489 seconds 
Number of updated asset objects reloaded before import = 0
Number of asset objects unloaded after import = 10
========================================================================
Received Import Request.
  Time since last request: 24.161724 seconds.
  path: Assets/Models/Banana
  artifactKey: Guid(a725d3e3b1df33b4f8eb2129d2f8a669) Importer(815301076,1909f56bfc062723c751e8b465ee728b)
Start importing Assets/Models/Banana using Guid(a725d3e3b1df33b4f8eb2129d2f8a669) Importer(815301076,1909f56bfc062723c751e8b465ee728b)  -> (artifact id: '6fcab50c0555ba4fd7495858c6c63d20') in 0.000512 seconds 
Number of updated asset objects reloaded before import = 0
Number of asset objects unloaded after import = 0
========================================================================
Received Import Request.
  Time since last request: 7.000841 seconds.
  path: Assets/Models/Banana/Banana.obj
  artifactKey: Guid(acc87ed37e683bf4e9a88deb589e28de) Importer(815301076,1909f56bfc062723c751e8b465ee728b)
Start importing Assets/Models/Banana/Banana.obj using Guid(acc87ed37e683bf4e9a88deb589e28de) Importer(815301076,1909f56bfc062723c751e8b465ee728b)  -> (artifact id: '21c2a0fe3c927d202dbbf6415140800b') in 0.105958 seconds 
Number of updated asset objects reloaded before import = 0
Number of asset objects unloaded after import = 10
========================================================================
Received Import Request.
  Time since last request: 10.522082 seconds.
  path: Assets/Models/Banana/textures
  artifactKey: Guid(196b3de5fb27a3c46894528b9014a397) Importer(815301076,1909f56bfc062723c751e8b465ee728b)
Start importing Assets/Models/Banana/textures using Guid(196b3de5fb27a3c46894528b9014a397) Importer(815301076,1909f56bfc062723c751e8b465ee728b)  -> (artifact id: 'c66942b2330663714c19dfa37efff27e') in 0.000521 seconds 
Number of updated asset objects reloaded before import = 0
Number of asset objects unloaded after import = 0
========================================================================
Received Import Request.
  Time since last request: 0.096276 seconds.
  path: Assets/Models/Banana/textures/Banana_1.jpg
  artifactKey: Guid(c933ce3e55de79e40ae99f2092a394ba) Importer(815301076,1909f56bfc062723c751e8b465ee728b)
Start importing Assets/Models/Banana/textures/Banana_1.jpg using Guid(c933ce3e55de79e40ae99f2092a394ba) Importer(815301076,1909f56bfc062723c751e8b465ee728b)  -> (artifact id: '9436befa607557f517b98a1e13665d56') in 0.208044 seconds 
Number of updated asset objects reloaded before import = 0
Number of asset objects unloaded after import = 2
========================================================================
Received Import Request.
  Time since last request: 9.224008 seconds.
  path: Assets/Models/Banana/Banana_1.jpg
  artifactKey: Guid(e0b775470c4e8a64db9ec931b09af4c0) Importer(815301076,1909f56bfc062723c751e8b465ee728b)
Start importing Assets/Models/Banana/Banana_1.jpg using Guid(e0b775470c4e8a64db9ec931b09af4c0) Importer(815301076,1909f56bfc062723c751e8b465ee728b)  -> (artifact id: 'c193b76322c7afb517462206af6b46fc') in 0.048943 seconds 
Number of updated asset objects reloaded before import = 0
Number of asset objects unloaded after import = 2
========================================================================
Received Import Request.
  Time since last request: 392.850147 seconds.
  path: Assets/Models/Banana/uploads_files_2382092_BANANA.fbx
  artifactKey: Guid(9bb6699416f013b4989168ee9674b79f) Importer(815301076,1909f56bfc062723c751e8b465ee728b)
Start importing Assets/Models/Banana/uploads_files_2382092_BANANA.fbx using Guid(9bb6699416f013b4989168ee9674b79f) Importer(815301076,1909f56bfc062723c751e8b465ee728b)  -> (artifact id: '6ead0580b66a0e955b37c3ee2168ff85') in 0.042056 seconds 
Number of updated asset objects reloaded before import = 0
Number of asset objects unloaded after import = 8
========================================================================
Received Import Request.
  Time since last request: 115.573120 seconds.
  path: Assets/Models/Banana/New Material.mat
  artifactKey: Guid(0c2981d36b7e8e14d8043976d3895303) Importer(815301076,1909f56bfc062723c751e8b465ee728b)
Start importing Assets/Models/Banana/New Material.mat using Guid(0c2981d36b7e8e14d8043976d3895303) Importer(815301076,1909f56bfc062723c751e8b465ee728b)  -> (artifact id: '0bba7c2bc18f77cf85b4c85f02324dbd') in 0.019893 seconds 
Number of updated asset objects reloaded before import = 0
Number of asset objects unloaded after import = 1
========================================================================
Received Import Request.
  Time since last request: 213.634164 seconds.
  path: Assets/Models/Banana/New Material.mat
  artifactKey: Guid(0c2981d36b7e8e14d8043976d3895303) Importer(815301076,1909f56bfc062723c751e8b465ee728b)
Start importing Assets/Models/Banana/New Material.mat using Guid(0c2981d36b7e8e14d8043976d3895303) Importer(815301076,1909f56bfc062723c751e8b465ee728b)  -> (artifact id: '1de6542f7fa48a316e780264a08ba408') in 0.018230 seconds 
Number of updated asset objects reloaded before import = 0
Number of asset objects unloaded after import = 1
========================================================================
Received Import Request.
  Time since last request: 12.951980 seconds.
  path: Assets/Prefabs/Banana .prefab
  artifactKey: Guid(55017cfb3435945439a4a2c253f16663) Importer(815301076,1909f56bfc062723c751e8b465ee728b)
Start importing Assets/Prefabs/Banana .prefab using Guid(55017cfb3435945439a4a2c253f16663) Importer(815301076,1909f56bfc062723c751e8b465ee728b)  -> (artifact id: '913994c408cc276e8394b848b7fcbfe7') in 0.055784 seconds 
Number of updated asset objects reloaded before import = 0
Number of asset objects unloaded after import = 10
========================================================================
Received Import Request.
  Time since last request: 77.441612 seconds.
  path: Assets/Prefabs/Banana .prefab
  artifactKey: Guid(55017cfb3435945439a4a2c253f16663) Importer(815301076,1909f56bfc062723c751e8b465ee728b)
Start importing Assets/Prefabs/Banana .prefab using Guid(55017cfb3435945439a4a2c253f16663) Importer(815301076,1909f56bfc062723c751e8b465ee728b)  -> (artifact id: '5c56cad6fa4c04299eb0dfb07d1c15ec') in 0.056102 seconds 
Number of updated asset objects reloaded before import = 0
Number of asset objects unloaded after import = 10
========================================================================
Received Import Request.
  Time since last request: 70.956124 seconds.
  path: Assets/Prefabs/Banana  1.prefab
  artifactKey: Guid(ff0535f9fccf17f4ab8bee7659a3317b) Importer(815301076,1909f56bfc062723c751e8b465ee728b)
Start importing Assets/Prefabs/Banana  1.prefab using Guid(ff0535f9fccf17f4ab8bee7659a3317b) Importer(815301076,1909f56bfc062723c751e8b465ee728b)  -> (artifact id: '94f9d606e07a21c51fde56d595d98210') in 0.047635 seconds 
Number of updated asset objects reloaded before import = 0
Number of asset objects unloaded after import = 10
========================================================================
Received Import Request.
  Time since last request: 179.058817 seconds.
  path: Assets/Models/Banana/Materials
  artifactKey: Guid(e6ca5b9cca47dad49a900e41347240a7) Importer(815301076,1909f56bfc062723c751e8b465ee728b)
Start importing Assets/Models/Banana/Materials using Guid(e6ca5b9cca47dad49a900e41347240a7) Importer(815301076,1909f56bfc062723c751e8b465ee728b)  -> (artifact id: 'c7e6fb49a2225b5b9c4bfcc3f4874066') in 0.000599 seconds 
Number of updated asset objects reloaded before import = 0
Number of asset objects unloaded after import = 0
========================================================================
Received Import Request.
  Time since last request: 0.072828 seconds.
  path: Assets/Models/Banana/Materials/Banana_1.mat
  artifactKey: Guid(339b24f6b5d87854da3d6825eec1721d) Importer(815301076,1909f56bfc062723c751e8b465ee728b)
Start importing Assets/Models/Banana/Materials/Banana_1.mat using Guid(339b24f6b5d87854da3d6825eec1721d) Importer(815301076,1909f56bfc062723c751e8b465ee728b)  -> (artifact id: 'cedc3d873cc0361023c6aaf9d1a51270') in 0.021892 seconds 
Number of updated asset objects reloaded before import = 0
Number of asset objects unloaded after import = 1
========================================================================
Received Import Request.
  Time since last request: 23.035396 seconds.
  path: Assets/Prefabs/Banana
  artifactKey: Guid(55dfd4c45281cba4c85a80e34bdeac80) Importer(815301076,1909f56bfc062723c751e8b465ee728b)
Start importing Assets/Prefabs/Banana using Guid(55dfd4c45281cba4c85a80e34bdeac80) Importer(815301076,1909f56bfc062723c751e8b465ee728b)  -> (artifact id: 'db423baf131962382a8fe045fcb0631d') in 0.000461 seconds 
Number of updated asset objects reloaded before import = 0
Number of asset objects unloaded after import = 0
========================================================================
Received Import Request.
  Time since last request: 1.115120 seconds.
  path: Assets/Prefabs/Banana/Banana.obj
  artifactKey: Guid(67c008d93e379634797bb898dc1d0d38) Importer(815301076,1909f56bfc062723c751e8b465ee728b)
Start importing Assets/Prefabs/Banana/Banana.obj using Guid(67c008d93e379634797bb898dc1d0d38) Importer(815301076,1909f56bfc062723c751e8b465ee728b)  -> (artifact id: 'a588220e5742f21b1aef84c5fd19275f') in 0.090643 seconds 
Number of updated asset objects reloaded before import = 0
Number of asset objects unloaded after import = 10
========================================================================
Received Import Request.
  Time since last request: 57.798748 seconds.
  path: Assets/Prefabs/Banana/Banana.prefab
  artifactKey: Guid(6c242dcb537314c42af832e53fbcf3ef) Importer(815301076,1909f56bfc062723c751e8b465ee728b)
Start importing Assets/Prefabs/Banana/Banana.prefab using Guid(6c242dcb537314c42af832e53fbcf3ef) Importer(815301076,1909f56bfc062723c751e8b465ee728b)  -> (artifact id: 'f339be9130b90abfbc5ee82f4dd19951') in 0.055939 seconds 
Number of updated asset objects reloaded before import = 0
Number of asset objects unloaded after import = 10
========================================================================
Received Import Request.
  Time since last request: 85.497591 seconds.
  path: Assets/Prefabs/Banana/Materials
  artifactKey: Guid(ab40b682eeff24647918b89fde6e3384) Importer(815301076,1909f56bfc062723c751e8b465ee728b)
Start importing Assets/Prefabs/Banana/Materials using Guid(ab40b682eeff24647918b89fde6e3384) Importer(815301076,1909f56bfc062723c751e8b465ee728b)  -> (artifact id: 'c7650a58642671b0f55af53aa2bd56cc') in 0.000519 seconds 
Number of updated asset objects reloaded before import = 0
Number of asset objects unloaded after import = 0
========================================================================
Received Import Request.
  Time since last request: 0.078573 seconds.
  path: Assets/Prefabs/Banana/Materials/Banana_1.mat
  artifactKey: Guid(1db8a95c1432a194483e8bfe4cc609f7) Importer(815301076,1909f56bfc062723c751e8b465ee728b)
Start importing Assets/Prefabs/Banana/Materials/Banana_1.mat using Guid(1db8a95c1432a194483e8bfe4cc609f7) Importer(815301076,1909f56bfc062723c751e8b465ee728b)  -> (artifact id: 'c3cca7c3d0b6129d36e80456234c17ae') in 0.017108 seconds 
Number of updated asset objects reloaded before import = 0
Number of asset objects unloaded after import = 1
========================================================================
Received Import Request.
  Time since last request: 10.030433 seconds.
  path: Assets/Prefabs/Banana/Banana .prefab
  artifactKey: Guid(4497edc05fa21b64ebd539219a43f389) Importer(815301076,1909f56bfc062723c751e8b465ee728b)
Start importing Assets/Prefabs/Banana/Banana .prefab using Guid(4497edc05fa21b64ebd539219a43f389) Importer(815301076,1909f56bfc062723c751e8b465ee728b)  -> (artifact id: '3b062934a3f2ea88367dcf1520a3963a') in 0.047443 seconds 
Number of updated asset objects reloaded before import = 0
Number of asset objects unloaded after import = 10
========================================================================
Received Import Request.
  Time since last request: 52.408157 seconds.
  path: Assets/Prefabs/Banana.obj
  artifactKey: Guid(3eb63a18b33f9e0408f890a5a18cc338) Importer(815301076,1909f56bfc062723c751e8b465ee728b)
Start importing Assets/Prefabs/Banana.obj using Guid(3eb63a18b33f9e0408f890a5a18cc338) Importer(815301076,1909f56bfc062723c751e8b465ee728b)  -> (artifact id: 'e20432e9e97b087f6bcb93ac98d369f3') in 0.114702 seconds 
Number of updated asset objects reloaded before import = 0
Number of asset objects unloaded after import = 10
========================================================================
Received Import Request.
  Time since last request: 30.461822 seconds.
  path: Assets/Prefabs/Banana (1) Variant.prefab
  artifactKey: Guid(9d45e7ba65632df47a35be41d963b290) Importer(815301076,1909f56bfc062723c751e8b465ee728b)
Start importing Assets/Prefabs/Banana (1) Variant.prefab using Guid(9d45e7ba65632df47a35be41d963b290) Importer(815301076,1909f56bfc062723c751e8b465ee728b)  -> (artifact id: 'ff06a7b08ef8f2c9acb4ecf018f71e8b') in 0.047514 seconds 
Number of updated asset objects reloaded before import = 0
Number of asset objects unloaded after import = 19
========================================================================
Received Import Request.
  Time since last request: 83.616967 seconds.
  path: Assets/Prefabs/Banana.prefab
  artifactKey: Guid(1908a11af13e4694882e66b6113a5d42) Importer(815301076,1909f56bfc062723c751e8b465ee728b)
Start importing Assets/Prefabs/Banana.prefab using Guid(1908a11af13e4694882e66b6113a5d42) Importer(815301076,1909f56bfc062723c751e8b465ee728b)  -> (artifact id: '1f8c1046b1a75929fd278307fd1a2386') in 0.050013 seconds 
Number of updated asset objects reloaded before import = 0
Number of asset objects unloaded after import = 10
========================================================================
Received Import Request.
  Time since last request: 135.843436 seconds.
  path: Assets/Prefabs/Banana/Banana .prefab
  artifactKey: Guid(4497edc05fa21b64ebd539219a43f389) Importer(815301076,1909f56bfc062723c751e8b465ee728b)
Start importing Assets/Prefabs/Banana/Banana .prefab using Guid(4497edc05fa21b64ebd539219a43f389) Importer(815301076,1909f56bfc062723c751e8b465ee728b)  -> (artifact id: '257347c466c34cb4c3f8a4837191dc19') in 0.068494 seconds 
Number of updated asset objects reloaded before import = 0
Number of asset objects unloaded after import = 9
========================================================================
Received Import Request.
  Time since last request: 17.630548 seconds.
  path: Assets/Prefabs/Banana.prefab
  artifactKey: Guid(1908a11af13e4694882e66b6113a5d42) Importer(815301076,1909f56bfc062723c751e8b465ee728b)
Start importing Assets/Prefabs/Banana.prefab using Guid(1908a11af13e4694882e66b6113a5d42) Importer(815301076,1909f56bfc062723c751e8b465ee728b)  -> (artifact id: '718892ca76fb0ec884bf6d34b15a29b8') in 0.004469 seconds 
Number of updated asset objects reloaded before import = 0
Number of asset objects unloaded after import = 8
========================================================================
Received Import Request.
  Time since last request: 8.047561 seconds.
  path: Assets/Prefabs/Banana  (1).prefab
  artifactKey: Guid(b1e13de0018f01747986275706b7b64c) Importer(815301076,1909f56bfc062723c751e8b465ee728b)
Start importing Assets/Prefabs/Banana  (1).prefab using Guid(b1e13de0018f01747986275706b7b64c) Importer(815301076,1909f56bfc062723c751e8b465ee728b)  -> (artifact id: '5e46862ab364e05ef6b641ba0febe646') in 0.001812 seconds 
Number of updated asset objects reloaded before import = 0
Number of asset objects unloaded after import = 4
========================================================================
Received Import Request.
  Time since last request: 15.039201 seconds.
  path: Assets/Prefabs/Banana .prefab
  artifactKey: Guid(55017cfb3435945439a4a2c253f16663) Importer(815301076,1909f56bfc062723c751e8b465ee728b)
Start importing Assets/Prefabs/Banana .prefab using Guid(55017cfb3435945439a4a2c253f16663) Importer(815301076,1909f56bfc062723c751e8b465ee728b)  -> (artifact id: '5c3d5cb7808c0c45ea521db595635167') in 0.050134 seconds 
Number of updated asset objects reloaded before import = 0
Number of asset objects unloaded after import = 10
========================================================================
Received Import Request.
  Time since last request: 124.609352 seconds.
  path: Assets/Models/uploads_files_3464380_Banana.fbx
  artifactKey: Guid(1ed18239845ed7445a2a54c303525e1a) Importer(815301076,1909f56bfc062723c751e8b465ee728b)
Start importing Assets/Models/uploads_files_3464380_Banana.fbx using Guid(1ed18239845ed7445a2a54c303525e1a) Importer(815301076,1909f56bfc062723c751e8b465ee728b)  -> (artifact id: '140d1abbb66ca1764c17bcc48111a6e8') in 0.027929 seconds 
Number of updated asset objects reloaded before import = 0
Number of asset objects unloaded after import = 8
========================================================================
Received Import Request.
  Time since last request: 11.957041 seconds.
  path: Assets/Models/New Material.mat
  artifactKey: Guid(67f225a89067e964680eef155aa2ae02) Importer(815301076,1909f56bfc062723c751e8b465ee728b)
Start importing Assets/Models/New Material.mat using Guid(67f225a89067e964680eef155aa2ae02) Importer(815301076,1909f56bfc062723c751e8b465ee728b)  -> (artifact id: 'f3f834bbc1a752e999119a4556e5365e') in 0.012161 seconds 
Number of updated asset objects reloaded before import = 0
Number of asset objects unloaded after import = 1
========================================================================
Received Import Request.
  Time since last request: 11.730381 seconds.
  path: Assets/Prefabs/uploads_files_3464380_Banana.prefab
  artifactKey: Guid(5f98129bbde7f0a42896a2505ae2b0e4) Importer(815301076,1909f56bfc062723c751e8b465ee728b)
Start importing Assets/Prefabs/uploads_files_3464380_Banana.prefab using Guid(5f98129bbde7f0a42896a2505ae2b0e4) Importer(815301076,1909f56bfc062723c751e8b465ee728b)  -> (artifact id: 'd749c4a85b3147782f23b3dff0bb421d') in 0.012397 seconds 
Number of updated asset objects reloaded before import = 0
Number of asset objects unloaded after import = 8
========================================================================
Received Import Request.
  Time since last request: 61.985605 seconds.
  path: Assets/Prefabs/Banana.prefab
  artifactKey: Guid(5f98129bbde7f0a42896a2505ae2b0e4) Importer(815301076,1909f56bfc062723c751e8b465ee728b)
Start importing Assets/Prefabs/Banana.prefab using Guid(5f98129bbde7f0a42896a2505ae2b0e4) Importer(815301076,1909f56bfc062723c751e8b465ee728b)  -> (artifact id: 'edce75ac0ead921fa9a5ceec9ff25408') in 0.009104 seconds 
Number of updated asset objects reloaded before import = 0
Number of asset objects unloaded after import = 8
========================================================================
Received Import Request.
  Time since last request: 11.188406 seconds.
  path: Assets/Materials/New Material 1.mat
  artifactKey: Guid(67f225a89067e964680eef155aa2ae02) Importer(815301076,1909f56bfc062723c751e8b465ee728b)
Start importing Assets/Materials/New Material 1.mat using Guid(67f225a89067e964680eef155aa2ae02) Importer(815301076,1909f56bfc062723c751e8b465ee728b)  -> (artifact id: '7b0d5e18fdd7f56fb2798e2b621f7fdf') in 0.013043 seconds 
Number of updated asset objects reloaded before import = 0
Number of asset objects unloaded after import = 1
========================================================================
Received Import Request.
  Time since last request: 19.193340 seconds.
  path: Assets/Prefabs/Banana.prefab
  artifactKey: Guid(5f98129bbde7f0a42896a2505ae2b0e4) Importer(815301076,1909f56bfc062723c751e8b465ee728b)
Start importing Assets/Prefabs/Banana.prefab using Guid(5f98129bbde7f0a42896a2505ae2b0e4) Importer(815301076,1909f56bfc062723c751e8b465ee728b)  -> (artifact id: '0848b9cc085ad809d090ed5053c440da') in 0.008218 seconds 
Number of updated asset objects reloaded before import = 0
Number of asset objects unloaded after import = 8
========================================================================
Received Prepare
Begin MonoManager ReloadAssembly
Symbol file LoadedFromMemory doesn't match image C:\Users\zergr\OneDrive\Рабочий стол\RunnerRGR\Library\PackageCache\com.unity.visualscripting@1.8.0\Editor\VisualScripting.Core\Dependencies\YamlDotNet\Unity.VisualScripting.YamlDotNet.dll
Symbol file LoadedFromMemory doesn't match image C:\Users\zergr\OneDrive\Рабочий стол\RunnerRGR\Library\PackageCache\com.unity.visualscripting@1.8.0\Editor\VisualScripting.Core\Dependencies\DotNetZip\Unity.VisualScripting.IonicZip.dll
- Loaded All Assemblies, in  0.881 seconds
Refreshing native plugins compatible for Editor in 2.41 ms, found 3 plugins.
Native extension for UWP target not found
Native extension for WindowsStandalone target not found
Native extension for Android target not found
Native extension for WebGL target not found
Mono: successfully reloaded assembly
- Finished resetting the current domain, in  0.664 seconds
Domain Reload Profiling:
	ReloadAssembly (193ms)
		BeginReloadAssembly (136ms)
			ExecutionOrderSort (0ms)
			DisableScriptedObjects (5ms)
			BackupInstance (0ms)
			ReleaseScriptingObjects (0ms)
			CreateAndSetChildDomain (59ms)
		LoadAllAssembliesAndSetupDomain (687ms)
			LoadAssemblies (289ms)
			RebuildTransferFunctionScriptingTraits (0ms)
			SetupTypeCache (440ms)
				TypeCache.Initialize (225ms)
					TypeCache.ScanAssembly (217ms)
				ResolveRequiredComponents (3ms)
		FinalizeReload (0ms)
			ReleaseScriptCaches (0ms)
			RebuildScriptCaches (0ms)
			SetupLoadedEditorAssemblies (273ms)
				LogAssemblyErrors (0ms)
				InitializePlatformSupportModulesInManaged (18ms)
				SetLoadedEditorAssemblies (4ms)
				RefreshPlugins (0ms)
				BeforeProcessingInitializeOnLoad (47ms)
				ProcessInitializeOnLoadAttributes (184ms)
				ProcessInitializeOnLoadMethodAttributes (19ms)
				AfterProcessingInitializeOnLoad (2ms)
				EditorAssembliesLoaded (0ms)
			ExecutionOrderSort2 (0ms)
			AwakeInstancesAfterBackupRestoration (5ms)
Refreshing native plugins compatible for Editor in 2.41 ms, found 3 plugins.
Preloading 0 native plugins for Editor in 0.00 ms.
Unloading 3063 Unused Serialized files (Serialized files now loaded: 0)
Unloading 18 unused Assets / (33.1 KB). Loaded Objects now: 3610.
Memory consumption went from 494.2 MB to 494.2 MB.
Total: 3.187700 ms (FindLiveObjects: 0.274300 ms CreateObjectMapping: 0.129200 ms MarkObjects: 2.724900 ms  DeleteObjects: 0.057600 ms)

Prepare: number of updated asset objects reloaded= 0
AssetImportParameters requested are different than current active one (requested -> active):
  custom:container-demuxer-ogg: 62fdf1f143b41e24485cea50d1cbac27 -> 
  custom:video-decoder-ogg-theora: a1e56fd34408186e4bbccfd4996cb3dc -> 
  custom:framework-win-MediaFoundation: 216162199b28c13a410421893ffa2e32 -> 
  custom:container-demuxer-webm: 4f35f7cbe854078d1ac9338744f61a02 -> 
  custom:container-muxer-webm: aa71ff27fc2769a1b78a27578f13a17b -> 
  custom:video-decoder-webm-vp8: 9c59270c3fd7afecdb556c50c9e8de78 -> 
  custom:AudioImporter_EditorPlatform: d09bf68614088b80899f8185d706f6e7 -> 
  custom:video-encoder-webm-vp8: eb34c28f22e8b96e1ab97ce403110664 -> 
  custom:audio-decoder-ogg-vorbis: bf7c407c2cedff20999df2af8eb42d56 -> 
  custom:audio-encoder-webm-vorbis: bf7c407c2cedff20999df2af8eb42d56 -> 
========================================================================
Received Import Request.
  Time since last request: 69.069853 seconds.
  path: Assets/Prefabs/Banana 1.prefab
  artifactKey: Guid(39571d43c53c3ba40a216d5fba451ee1) Importer(815301076,1909f56bfc062723c751e8b465ee728b)
Start importing Assets/Prefabs/Banana 1.prefab using Guid(39571d43c53c3ba40a216d5fba451ee1) Importer(815301076,1909f56bfc062723c751e8b465ee728b)  -> (artifact id: 'b32ce9e224ca3eba0d91e7dff108f6b5') in 0.070791 seconds 
Number of updated asset objects reloaded before import = 0
Number of asset objects unloaded after import = 8
========================================================================
Received Import Request.
  Time since last request: 7.400019 seconds.
  path: Assets/Prefabs/Banana.prefab
  artifactKey: Guid(39571d43c53c3ba40a216d5fba451ee1) Importer(815301076,1909f56bfc062723c751e8b465ee728b)
Start importing Assets/Prefabs/Banana.prefab using Guid(39571d43c53c3ba40a216d5fba451ee1) Importer(815301076,1909f56bfc062723c751e8b465ee728b)  -> (artifact id: '00280271a31faa2ec704e67fe4a8fab5') in 0.007954 seconds 
Number of updated asset objects reloaded before import = 0
Number of asset objects unloaded after import = 8
========================================================================
Received Import Request.
  Time since last request: 91.125032 seconds.
  path: Assets/Prefabs/Banana (1).prefab
  artifactKey: Guid(b4eecf18bd727a24a87623345c2f0579) Importer(815301076,1909f56bfc062723c751e8b465ee728b)
Start importing Assets/Prefabs/Banana (1).prefab using Guid(b4eecf18bd727a24a87623345c2f0579) Importer(815301076,1909f56bfc062723c751e8b465ee728b)  -> (artifact id: '912c5250cebcde75d0bd9c6e74b370ae') in 0.011876 seconds 
Number of updated asset objects reloaded before import = 0
Number of asset objects unloaded after import = 9
========================================================================
Received Import Request.
  Time since last request: 8.936041 seconds.
  path: Assets/Prefabs/Banana.prefab
  artifactKey: Guid(b4eecf18bd727a24a87623345c2f0579) Importer(815301076,1909f56bfc062723c751e8b465ee728b)
Start importing Assets/Prefabs/Banana.prefab using Guid(b4eecf18bd727a24a87623345c2f0579) Importer(815301076,1909f56bfc062723c751e8b465ee728b)  -> (artifact id: '037d3246ef17263dba4cedc2c8de6233') in 0.008970 seconds 
Number of updated asset objects reloaded before import = 0
Number of asset objects unloaded after import = 9
========================================================================
Received Prepare
Begin MonoManager ReloadAssembly
Symbol file LoadedFromMemory doesn't match image C:\Users\zergr\OneDrive\Рабочий стол\RunnerRGR\Library\PackageCache\com.unity.visualscripting@1.8.0\Editor\VisualScripting.Core\Dependencies\YamlDotNet\Unity.VisualScripting.YamlDotNet.dll
Symbol file LoadedFromMemory doesn't match image C:\Users\zergr\OneDrive\Рабочий стол\RunnerRGR\Library\PackageCache\com.unity.visualscripting@1.8.0\Editor\VisualScripting.Core\Dependencies\DotNetZip\Unity.VisualScripting.IonicZip.dll
- Loaded All Assemblies, in  1.195 seconds
Refreshing native plugins compatible for Editor in 3.91 ms, found 3 plugins.
Native extension for UWP target not found
Native extension for WindowsStandalone target not found
Native extension for Android target not found
Native extension for WebGL target not found
Mono: successfully reloaded assembly
- Finished resetting the current domain, in  1.072 seconds
Domain Reload Profiling:
	ReloadAssembly (174ms)
		BeginReloadAssembly (118ms)
			ExecutionOrderSort (0ms)
			DisableScriptedObjects (4ms)
			BackupInstance (0ms)
			ReleaseScriptingObjects (0ms)
			CreateAndSetChildDomain (43ms)
		LoadAllAssembliesAndSetupDomain (1021ms)
			LoadAssemblies (295ms)
			RebuildTransferFunctionScriptingTraits (0ms)
			SetupTypeCache (767ms)
				TypeCache.Initialize (240ms)
					TypeCache.ScanAssembly (228ms)
				ResolveRequiredComponents (4ms)
		FinalizeReload (0ms)
			ReleaseScriptCaches (0ms)
			RebuildScriptCaches (0ms)
			SetupLoadedEditorAssemblies (506ms)
				LogAssemblyErrors (0ms)
				InitializePlatformSupportModulesInManaged (29ms)
				SetLoadedEditorAssemblies (9ms)
				RefreshPlugins (0ms)
				BeforeProcessingInitializeOnLoad (84ms)
				ProcessInitializeOnLoadAttributes (356ms)
				ProcessInitializeOnLoadMethodAttributes (26ms)
				AfterProcessingInitializeOnLoad (3ms)
				EditorAssembliesLoaded (0ms)
			ExecutionOrderSort2 (0ms)
			AwakeInstancesAfterBackupRestoration (6ms)
Refreshing native plugins compatible for Editor in 3.62 ms, found 3 plugins.
Preloading 0 native plugins for Editor in 0.00 ms.
Unloading 3063 Unused Serialized files (Serialized files now loaded: 0)
Unloading 18 unused Assets / (33.2 KB). Loaded Objects now: 3613.
Memory consumption went from 494.2 MB to 494.2 MB.
Total: 6.804000 ms (FindLiveObjects: 0.920600 ms CreateObjectMapping: 0.240700 ms MarkObjects: 5.564500 ms  DeleteObjects: 0.074800 ms)

Prepare: number of updated asset objects reloaded= 0
AssetImportParameters requested are different than current active one (requested -> active):
  custom:container-demuxer-ogg: 62fdf1f143b41e24485cea50d1cbac27 -> 
  custom:video-decoder-ogg-theora: a1e56fd34408186e4bbccfd4996cb3dc -> 
  custom:framework-win-MediaFoundation: 216162199b28c13a410421893ffa2e32 -> 
  custom:container-demuxer-webm: 4f35f7cbe854078d1ac9338744f61a02 -> 
  custom:container-muxer-webm: aa71ff27fc2769a1b78a27578f13a17b -> 
  custom:video-decoder-webm-vp8: 9c59270c3fd7afecdb556c50c9e8de78 -> 
  custom:AudioImporter_EditorPlatform: d09bf68614088b80899f8185d706f6e7 -> 
  custom:video-encoder-webm-vp8: eb34c28f22e8b96e1ab97ce403110664 -> 
  custom:audio-decoder-ogg-vorbis: bf7c407c2cedff20999df2af8eb42d56 -> 
  custom:audio-encoder-webm-vorbis: bf7c407c2cedff20999df2af8eb42d56 -> 
========================================================================
Received Import Request.
  Time since last request: 97.029122 seconds.
  path: Assets/Scenes/Game.unity
  artifactKey: Guid(9fc0d4010bbf28b4594072e72b8655ab) Importer(815301076,1909f56bfc062723c751e8b465ee728b)
Start importing Assets/Scenes/Game.unity using Guid(9fc0d4010bbf28b4594072e72b8655ab) Importer(815301076,1909f56bfc062723c751e8b465ee728b)  -> (artifact id: 'ae5f5644d5c26eccbb7968834ab2e040') in 0.001586 seconds 
Number of updated asset objects reloaded before import = 0
Number of asset objects unloaded after import = 0
========================================================================
Received Import Request.
  Time since last request: 16.580920 seconds.
  path: Assets/EmaceArt/Free Meadows/Prefabs/Comp.prefab
  artifactKey: Guid(3eba1b8a3b50e624f9e15a0cca27ed27) Importer(815301076,1909f56bfc062723c751e8b465ee728b)
Start importing Assets/EmaceArt/Free Meadows/Prefabs/Comp.prefab using Guid(3eba1b8a3b50e624f9e15a0cca27ed27) Importer(815301076,1909f56bfc062723c751e8b465ee728b)  -> (artifact id: 'f6981284c085316bcf1456f4696cf6f0') in 0.127840 seconds 
Number of updated asset objects reloaded before import = 0
Number of asset objects unloaded after import = 1118
========================================================================
Received Import Request.
  Time since last request: 0.000024 seconds.
  path: Assets/EmaceArt/Free Meadows/Prefabs/Branches/EM_Branch03b_PRE.prefab
  artifactKey: Guid(0c8b6fb02c8ef8c4f9946dc54a79dcbe) Importer(815301076,1909f56bfc062723c751e8b465ee728b)
Start importing Assets/EmaceArt/Free Meadows/Prefabs/Branches/EM_Branch03b_PRE.prefab using Guid(0c8b6fb02c8ef8c4f9946dc54a79dcbe) Importer(815301076,1909f56bfc062723c751e8b465ee728b)  -> (artifact id: 'cbc82357c391a078b16d0bf95f86daeb') in 0.023400 seconds 
Number of updated asset objects reloaded before import = 0
Number of asset objects unloaded after import = 22
========================================================================
Received Import Request.
  Time since last request: 0.000046 seconds.
  path: Assets/EmaceArt/Free Meadows/Prefabs/Branches/EM_Branch04a_PRE.prefab
  artifactKey: Guid(53ecb3bce387efa46932de026d72540c) Importer(815301076,1909f56bfc062723c751e8b465ee728b)
Start importing Assets/EmaceArt/Free Meadows/Prefabs/Branches/EM_Branch04a_PRE.prefab using Guid(53ecb3bce387efa46932de026d72540c) Importer(815301076,1909f56bfc062723c751e8b465ee728b)  -> (artifact id: 'b62e43f51a130c0f1bb091194f09e1ba') in 0.024481 seconds 
Number of updated asset objects reloaded before import = 0
Number of asset objects unloaded after import = 22
========================================================================
Received Import Request.
  Time since last request: 0.000040 seconds.
  path: Assets/EmaceArt/Free Meadows/Prefabs/Fences/EM_rock_fence7_PRE.prefab
  artifactKey: Guid(1f87a9916592adb4690d2584a4063eda) Importer(815301076,1909f56bfc062723c751e8b465ee728b)
Start importing Assets/EmaceArt/Free Meadows/Prefabs/Fences/EM_rock_fence7_PRE.prefab using Guid(1f87a9916592adb4690d2584a4063eda) Importer(815301076,1909f56bfc062723c751e8b465ee728b)  -> (artifact id: '70da5905f17c85c356ac4af876c21fb8') in 0.024470 seconds 
Number of updated asset objects reloaded before import = 0
Number of asset objects unloaded after import = 23
========================================================================
Received Import Request.
  Time since last request: 0.000044 seconds.
  path: Assets/EmaceArt/Free Meadows/Prefabs/Roots/EM_Root2a_PRE.prefab
  artifactKey: Guid(42f5d16d0c0ecd84985ed0d7760ec46f) Importer(815301076,1909f56bfc062723c751e8b465ee728b)
Start importing Assets/EmaceArt/Free Meadows/Prefabs/Roots/EM_Root2a_PRE.prefab using Guid(42f5d16d0c0ecd84985ed0d7760ec46f) Importer(815301076,1909f56bfc062723c751e8b465ee728b)  -> (artifact id: '7ad9519cf611dc7b66072cc75046c369') in 0.024654 seconds 
Number of updated asset objects reloaded before import = 0
Number of asset objects unloaded after import = 23
========================================================================
Received Prepare
Begin MonoManager ReloadAssembly
Symbol file LoadedFromMemory doesn't match image C:\Users\zergr\OneDrive\Рабочий стол\RunnerRGR\Library\PackageCache\com.unity.visualscripting@1.8.0\Editor\VisualScripting.Core\Dependencies\YamlDotNet\Unity.VisualScripting.YamlDotNet.dll
Symbol file LoadedFromMemory doesn't match image C:\Users\zergr\OneDrive\Рабочий стол\RunnerRGR\Library\PackageCache\com.unity.visualscripting@1.8.0\Editor\VisualScripting.Core\Dependencies\DotNetZip\Unity.VisualScripting.IonicZip.dll
- Loaded All Assemblies, in  1.002 seconds
Refreshing native plugins compatible for Editor in 2.48 ms, found 3 plugins.
Native extension for UWP target not found
Native extension for WindowsStandalone target not found
Native extension for Android target not found
Native extension for WebGL target not found
Mono: successfully reloaded assembly
- Finished resetting the current domain, in  0.668 seconds
Domain Reload Profiling:
	ReloadAssembly (204ms)
		BeginReloadAssembly (147ms)
			ExecutionOrderSort (0ms)
			DisableScriptedObjects (5ms)
			BackupInstance (0ms)
			ReleaseScriptingObjects (0ms)
			CreateAndSetChildDomain (55ms)
		LoadAllAssembliesAndSetupDomain (796ms)
			LoadAssemblies (266ms)
			RebuildTransferFunctionScriptingTraits (0ms)
			SetupTypeCache (585ms)
				TypeCache.Initialize (232ms)
					TypeCache.ScanAssembly (225ms)
				ResolveRequiredComponents (3ms)
		FinalizeReload (0ms)
			ReleaseScriptCaches (0ms)
			RebuildScriptCaches (0ms)
			SetupLoadedEditorAssemblies (276ms)
				LogAssemblyErrors (0ms)
				InitializePlatformSupportModulesInManaged (17ms)
				SetLoadedEditorAssemblies (4ms)
				RefreshPlugins (0ms)
				BeforeProcessingInitializeOnLoad (51ms)
				ProcessInitializeOnLoadAttributes (184ms)
				ProcessInitializeOnLoadMethodAttributes (18ms)
				AfterProcessingInitializeOnLoad (2ms)
				EditorAssembliesLoaded (0ms)
			ExecutionOrderSort2 (0ms)
			AwakeInstancesAfterBackupRestoration (5ms)
Refreshing native plugins compatible for Editor in 2.32 ms, found 3 plugins.
Preloading 0 native plugins for Editor in 0.00 ms.
Unloading 3063 Unused Serialized files (Serialized files now loaded: 0)
Unloading 18 unused Assets / (33.1 KB). Loaded Objects now: 3616.
Memory consumption went from 494.3 MB to 494.3 MB.
Total: 2.439800 ms (FindLiveObjects: 0.233900 ms CreateObjectMapping: 0.079500 ms MarkObjects: 2.083500 ms  DeleteObjects: 0.042100 ms)

Prepare: number of updated asset objects reloaded= 0
AssetImportParameters requested are different than current active one (requested -> active):
  custom:container-demuxer-ogg: 62fdf1f143b41e24485cea50d1cbac27 -> 
  custom:video-decoder-ogg-theora: a1e56fd34408186e4bbccfd4996cb3dc -> 
  custom:framework-win-MediaFoundation: 216162199b28c13a410421893ffa2e32 -> 
  custom:container-demuxer-webm: 4f35f7cbe854078d1ac9338744f61a02 -> 
  custom:container-muxer-webm: aa71ff27fc2769a1b78a27578f13a17b -> 
  custom:video-decoder-webm-vp8: 9c59270c3fd7afecdb556c50c9e8de78 -> 
  custom:AudioImporter_EditorPlatform: d09bf68614088b80899f8185d706f6e7 -> 
  custom:video-encoder-webm-vp8: eb34c28f22e8b96e1ab97ce403110664 -> 
  custom:audio-decoder-ogg-vorbis: bf7c407c2cedff20999df2af8eb42d56 -> 
  custom:audio-encoder-webm-vorbis: bf7c407c2cedff20999df2af8eb42d56 -> 
Editor requested this worker to shutdown with reason: Scaling down because of idle timeout
TcpMessagingSession - receive error: operation aborted. errorcode: 995, details:  /   -       .
AssetImportWorker is now disconnected from the server
Process exiting
Exiting without the bug reporter. Application will terminate with return code 0